c:\users\user\source\repos\gymproject\gymproject\debug\vc141.pdb
c:\users\user\source\repos\gymproject\gymproject\debug\vc141.idb
c:\users\user\source\repos\gymproject\gymproject\debug\trainee.obj
c:\users\user\source\repos\gymproject\gymproject\debug\person.obj
c:\users\user\source\repos\gymproject\gymproject\debug\ministryofhealthlicense.obj
c:\users\user\source\repos\gymproject\gymproject\debug\main.obj
c:\users\user\source\repos\gymproject\gymproject\debug\gymlicense.obj
c:\users\user\source\repos\gymproject\gymproject\debug\gym.obj
c:\users\user\source\repos\gymproject\gymproject\debug\firedepartmentlicense.obj
c:\users\user\source\repos\gymproject\gymproject\debug\exercisemachine.obj
c:\users\user\source\repos\gymproject\gymproject\debug\employee.obj
c:\users\user\source\repos\gymproject\gymproject\debug\date.obj
c:\users\user\source\repos\gymproject\gymproject\debug\instructor.obj
c:\users\user\source\repos\gymproject\debug\gymproject.pdb
c:\users\user\source\repos\gymproject\gymproject\debug\gymproject.tlog\cl.command.1.tlog
c:\users\user\source\repos\gymproject\gymproject\debug\gymproject.tlog\cl.read.1.tlog
c:\users\user\source\repos\gymproject\gymproject\debug\gymproject.tlog\cl.write.1.tlog
c:\users\user\source\repos\gymproject\gymproject\debug\gymproject.tlog\link-cvtres.read.1.tlog
c:\users\user\source\repos\gymproject\gymproject\debug\gymproject.tlog\link-cvtres.write.1.tlog
c:\users\user\source\repos\gymproject\gymproject\debug\gymproject.tlog\link-rc.read.1.tlog
c:\users\user\source\repos\gymproject\gymproject\debug\gymproject.tlog\link-rc.write.1.tlog
c:\users\user\source\repos\gymproject\gymproject\debug\gymproject.tlog\link.command.1.tlog
c:\users\user\source\repos\gymproject\gymproject\debug\gymproject.tlog\link.read.1.tlog
c:\users\user\source\repos\gymproject\gymproject\debug\gymproject.tlog\link.write.1.tlog
